Using pre-set license
Built from '2021.1/staging' branch; Version is '2021.1.18f1 (25bdc3efbc2d) revision 2473411'; Using compiler version '192528614'; Build Type 'Release'
OS: 'Windows 10 Home; OS build 16299.1087; Version 1709; 64bit' Language: 'en' Physical Memory: 3981 MB
BatchMode: 1, IsHumanControllingUs: 0, StartBugReporterOnCrash: 0, Is64bit: 1, IsPro: 0

COMMAND LINE ARGUMENTS:
C:\Program Files\Unity 2021.1.18f1\Editor\Unity.exe
-adb2
-batchMode
-noUpm
-name
AssetImportWorker8
-projectPath
C:/Users/Billy/Documents/GitHub/Unit-5-7-Assignment
-logFile
Logs/AssetImportWorker8.log
-srvPort
58980
Successfully changed project path to: C:/Users/Billy/Documents/GitHub/Unit-5-7-Assignment
C:/Users/Billy/Documents/GitHub/Unit-5-7-Assignment
Using Asset Import Pipeline V2.
Refreshing native plugins compatible for Editor in 1213.29 ms, found 4 plugins.
Preloading 0 native plugins for Editor in 0.00 ms.
Initialize engine version: 2021.1.18f1 (25bdc3efbc2d)
[Subsystems] Discovering subsystems at path C:/Program Files/Unity 2021.1.18f1/Editor/Data/Resources/UnitySubsystems
[Subsystems] Discovering subsystems at path C:/Users/Billy/Documents/GitHub/Unit-5-7-Assignment/Assets
GfxDevice: creating device client; threaded=0; jobified=0
